# JRE version: Java(TM) SE Runtime Environment (8.0_91-b15) (build 1.8.0_91-b15)
# Java VM: Java HotSpot(TM) 64-Bit Server VM (25.91-b15 mixed mode windows-amd64 compressed oops)
Heap:
 PSYoungGen      total 284672K, used 36855K [0x00000000eab00000, 0x0000000100000000, 0x0000000100000000)
  eden space 247808K, 0% used [0x00000000eab00000,0x00000000eab00000,0x00000000f9d00000)
  from space 36864K, 99% used [0x00000000fdc00000,0x00000000ffffdde0,0x0000000100000000)
  to   space 50688K, 0% used [0x00000000f9d00000,0x00000000f9d00000,0x00000000fce80000)
 ParOldGen       total 98816K, used 83536K [0x00000000c0000000, 0x00000000c6080000, 0x00000000eab00000)
  object space 98816K, 84% used [0x00000000c0000000,0x00000000c5194068,0x00000000c6080000)
 Metaspace       used 62533K, capacity 65248K, committed 65664K, reserved 1105920K
  class space    used 8358K, capacity 8971K, committed 9088K, reserved 1048576K
GC Heap History (10 events):
Event: 23.134 GC heap after
Heap after GC invocations=11 (full 2):
 PSYoungGen      total 289280K, used 21984K [0x00000000eab00000, 0x0000000100000000, 0x0000000100000000)
  eden space 267264K, 0% used [0x00000000eab00000,0x00000000eab00000,0x00000000fb000000)
  from space 22016K, 99% used [0x00000000fb000000,0x00000000fc5783c0,0x00000000fc580000)
  to   space 35328K, 0% used [0x00000000fdd80000,0x00000000fdd80000,0x0000000100000000)
 ParOldGen       total 98816K, used 42835K [0x00000000c0000000, 0x00000000c6080000, 0x00000000eab00000)
  object space 98816K, 43% used [0x00000000c0000000,0x00000000c29d4fa0,0x00000000c6080000)
 Metaspace       used 53038K, capacity 54900K, committed 55040K, reserved 1097728K
  class space    used 7204K, capacity 7633K, committed 7680K, reserved 1048576K
}
Event: 25.824 GC heap before
{Heap before GC invocations=12 (full 2):
 PSYoungGen      total 289280K, used 75082K [0x00000000eab00000, 0x0000000100000000, 0x0000000100000000)
  eden space 267264K, 19% used [0x00000000eab00000,0x00000000ededa488,0x00000000fb000000)
  from space 22016K, 99% used [0x00000000fb000000,0x00000000fc5783c0,0x00000000fc580000)
  to   space 35328K, 0% used [0x00000000fdd80000,0x00000000fdd80000,0x0000000100000000)
 ParOldGen       total 98816K, used 42835K [0x00000000c0000000, 0x00000000c6080000, 0x00000000eab00000)
  object space 98816K, 43% used [0x00000000c0000000,0x00000000c29d4fa0,0x00000000c6080000)
 Metaspace       used 54232K, capacity 56282K, committed 56576K, reserved 1097728K
  class space    used 7355K, capacity 7814K, committed 7936K, reserved 1048576K
Event: 25.893 GC heap after
Heap after GC invocations=12 (full 2):
 PSYoungGen      total 313856K, used 19268K [0x00000000eab00000, 0x0000000100000000, 0x0000000100000000)
  eden space 278528K, 0% used [0x00000000eab00000,0x00000000eab00000,0x00000000fbb00000)
  from space 35328K, 54% used [0x00000000fdd80000,0x00000000ff051000,0x0000000100000000)
  to   space 35328K, 0% used [0x00000000fbb00000,0x00000000fbb00000,0x00000000fdd80000)
 ParOldGen       total 98816K, used 50108K [0x00000000c0000000, 0x00000000c6080000, 0x00000000eab00000)
  object space 98816K, 50% used [0x00000000c0000000,0x00000000c30ef3c0,0x00000000c6080000)
 Metaspace       used 54232K, capacity 56282K, committed 56576K, reserved 1097728K
  class space    used 7355K, capacity 7814K, committed 7936K, reserved 1048576K
}
Event: 25.893 GC heap before
{Heap before GC invocations=13 (full 3):
 PSYoungGen      total 313856K, used 19268K [0x00000000eab00000, 0x0000000100000000, 0x0000000100000000)
  eden space 278528K, 0% used [0x00000000eab00000,0x00000000eab00000,0x00000000fbb00000)
  from space 35328K, 54% used [0x00000000fdd80000,0x00000000ff051000,0x0000000100000000)
  to   space 35328K, 0% used [0x00000000fbb00000,0x00000000fbb00000,0x00000000fdd80000)
 ParOldGen       total 98816K, used 50108K [0x00000000c0000000, 0x00000000c6080000, 0x00000000eab00000)
  object space 98816K, 50% used [0x00000000c0000000,0x00000000c30ef3c0,0x00000000c6080000)
 Metaspace       used 54232K, capacity 56282K, committed 56576K, reserved 1097728K
  class space    used 7355K, capacity 7814K, committed 7936K, reserved 1048576K
Event: 26.396 GC heap after
Heap after GC invocations=13 (full 3):
 PSYoungGen      total 313856K, used 0K [0x00000000eab00000, 0x0000000100000000, 0x0000000100000000)
  eden space 278528K, 0% used [0x00000000eab00000,0x00000000eab00000,0x00000000fbb00000)
  from space 35328K, 0% used [0x00000000fdd80000,0x00000000fdd80000,0x0000000100000000)
  to   space 35328K, 0% used [0x00000000fbb00000,0x00000000fbb00000,0x00000000fdd80000)
 ParOldGen       total 98816K, used 62420K [0x00000000c0000000, 0x00000000c6080000, 0x00000000eab00000)
  object space 98816K, 63% used [0x00000000c0000000,0x00000000c3cf5318,0x00000000c6080000)
 Metaspace       used 54232K, capacity 56282K, committed 56576K, reserved 1097728K
  class space    used 7355K, capacity 7814K, committed 7936K, reserved 1048576K
}
Event: 7571.853 GC heap before
{Heap before GC invocations=14 (full 3):
 PSYoungGen      total 313856K, used 278528K [0x00000000eab00000, 0x0000000100000000, 0x0000000100000000)
  eden space 278528K, 100% used [0x00000000eab00000,0x00000000fbb00000,0x00000000fbb00000)
  from space 35328K, 0% used [0x00000000fdd80000,0x00000000fdd80000,0x0000000100000000)
  to   space 35328K, 0% used [0x00000000fbb00000,0x00000000fbb00000,0x00000000fdd80000)
 ParOldGen       total 98816K, used 62420K [0x00000000c0000000, 0x00000000c6080000, 0x00000000eab00000)
  object space 98816K, 63% used [0x00000000c0000000,0x00000000c3cf5318,0x00000000c6080000)
 Metaspace       used 56010K, capacity 58514K, committed 58624K, reserved 1099776K
  class space    used 7562K, capacity 8174K, committed 8192K, reserved 1048576K
Event: 7571.900 GC heap after
Heap after GC invocations=14 (full 3):
 PSYoungGen      total 302080K, used 23148K [0x00000000eab00000, 0x0000000100000000, 0x0000000100000000)
  eden space 278528K, 0% used [0x00000000eab00000,0x00000000eab00000,0x00000000fbb00000)
  from space 23552K, 98% used [0x00000000fbb00000,0x00000000fd19b1b0,0x00000000fd200000)
  to   space 36864K, 0% used [0x00000000fdc00000,0x00000000fdc00000,0x0000000100000000)
 ParOldGen       total 98816K, used 62428K [0x00000000c0000000, 0x00000000c6080000, 0x00000000eab00000)
  object space 98816K, 63% used [0x00000000c0000000,0x00000000c3cf7318,0x00000000c6080000)
 Metaspace       used 56010K, capacity 58514K, committed 58624K, reserved 1099776K
  class space    used 7562K, capacity 8174K, committed 8192K, reserved 1048576K
}
Event: 7588.376 GC heap before
{Heap before GC invocations=15 (full 3):
 PSYoungGen      total 302080K, used 301676K [0x00000000eab00000, 0x0000000100000000, 0x0000000100000000)
  eden space 278528K, 100% used [0x00000000eab00000,0x00000000fbb00000,0x00000000fbb00000)
  from space 23552K, 98% used [0x00000000fbb00000,0x00000000fd19b1b0,0x00000000fd200000)
  to   space 36864K, 0% used [0x00000000fdc00000,0x00000000fdc00000,0x0000000100000000)
 ParOldGen       total 98816K, used 62428K [0x00000000c0000000, 0x00000000c6080000, 0x00000000eab00000)
  object space 98816K, 63% used [0x00000000c0000000,0x00000000c3cf7318,0x00000000c6080000)
 Metaspace       used 62533K, capacity 65248K, committed 65664K, reserved 1105920K
  class space    used 8358K, capacity 8971K, committed 9088K, reserved 1048576K
Event: 7588.456 GC heap after
Heap after GC invocations=15 (full 3):
 PSYoungGen      total 284672K, used 36855K [0x00000000eab00000, 0x0000000100000000, 0x0000000100000000)
  eden space 247808K, 0% used [0x00000000eab00000,0x00000000eab00000,0x00000000f9d00000)
  from space 36864K, 99% used [0x00000000fdc00000,0x00000000ffffdde0,0x0000000100000000)
  to   space 50688K, 0% used [0x00000000f9d00000,0x00000000f9d00000,0x00000000fce80000)
 ParOldGen       total 98816K, used 83536K [0x00000000c0000000, 0x00000000c6080000, 0x00000000eab00000)
  object space 98816K, 84% used [0x00000000c0000000,0x00000000c5194068,0x00000000c6080000)
 Metaspace       used 62533K, capacity 65248K, committed 65664K, reserved 1105920K
  class space    used 8358K, capacity 8971K, committed 9088K, reserved 1048576K
}
Event: 7588.456 GC heap before
{Heap before GC invocations=16 (full 4):
 PSYoungGen      total 284672K, used 36855K [0x00000000eab00000, 0x0000000100000000, 0x0000000100000000)
  eden space 247808K, 0% used [0x00000000eab00000,0x00000000eab00000,0x00000000f9d00000)
  from space 36864K, 99% used [0x00000000fdc00000,0x00000000ffffdde0,0x0000000100000000)
  to   space 50688K, 0% used [0x00000000f9d00000,0x00000000f9d00000,0x00000000fce80000)
 ParOldGen       total 98816K, used 83536K [0x00000000c0000000, 0x00000000c6080000, 0x00000000eab00000)
  object space 98816K, 84% used [0x00000000c0000000,0x00000000c5194068,0x00000000c6080000)
 Metaspace       used 62533K, capacity 65248K, committed 65664K, reserved 1105920K
  class space    used 8358K, capacity 8971K, committed 9088K, reserved 1048576K

